<?xml version="1.0" encoding="UTF-8"?>
<!-- Generated by org.testng.reporters.JUnitReportReporter -->
<testsuite skipped="0" hostname="YOGESH-PC" name="com.api.restAssured.apiTests.AzurePOSTActivities" tests="1" failures="0" timestamp="10 Sep 2019 06:04:34 GMT" time="4.325" errors="0">
  <testcase name="testAzurePostActivities" time="4.325" classname="com.api.restAssured.apiTests.AzurePOSTActivities"/>
</testsuite> <!-- com.api.restAssured.apiTests.AzurePOSTActivities -->
