<?xml version="1.0" encoding="UTF-8"?>
<!-- Generated by org.testng.reporters.JUnitReportReporter -->
<testsuite skipped="0" hostname="YOGESH-PC" name="com.api.restAssured.apiTests.StarWarsGetStarships" tests="1" failures="0" timestamp="02 Sep 2019 07:28:05 GMT" time="3.850" errors="0">
  <testcase name="apiGetStarshipsListing" time="3.850" classname="com.api.restAssured.apiTests.StarWarsGetStarships"/>
</testsuite> <!-- com.api.restAssured.apiTests.StarWarsGetStarships -->
