<?xml version="1.0" encoding="UTF-8"?>
<!-- Generated by org.testng.reporters.JUnitReportReporter -->
<testsuite skipped="0" hostname="YOGESH-PC" name="com.api.restAssured.apiTests.GetAllEmployeeDataAPITest" tests="1" failures="0" timestamp="05 Sep 2019 05:27:38 GMT" time="4.573" errors="0">
  <testcase name="getAllEmployeeDataTests" time="4.573" classname="com.api.restAssured.apiTests.GetAllEmployeeDataAPITest"/>
</testsuite> <!-- com.api.restAssured.apiTests.GetAllEmployeeDataAPITest -->
