<?xml version="1.0" encoding="UTF-8"?>
<!-- Generated by org.testng.reporters.JUnitReportReporter -->
<testsuite skipped="0" hostname="YOGESH-PC" name="com.api.restAssured.apiTests.AzureGETActivities" tests="1" failures="0" timestamp="08 Sep 2019 06:16:33 GMT" time="4.511" errors="0">
  <testcase name="getActivitiesList" time="4.511" classname="com.api.restAssured.apiTests.AzureGETActivities"/>
</testsuite> <!-- com.api.restAssured.apiTests.AzureGETActivities -->
