<?xml version="1.0" encoding="UTF-8"?>
<!-- Generated by org.testng.reporters.JUnitReportReporter -->
<testsuite skipped="0" hostname="YOGESH-PC" name="com.api.restAssured.apiTests.UpdateEmployeeDataApiTest" tests="1" failures="0" timestamp="06 Sep 2019 06:48:09 GMT" time="6.737" errors="0">
  <testcase name="updateEmpData" time="6.737" classname="com.api.restAssured.apiTests.UpdateEmployeeDataApiTest"/>
</testsuite> <!-- com.api.restAssured.apiTests.UpdateEmployeeDataApiTest -->
