<?xml version="1.0" encoding="UTF-8"?>
<!-- Generated by org.testng.reporters.JUnitReportReporter -->
<testsuite skipped="0" hostname="YOGESH-PC" name="com.api.restAssured.apiTests.CreateEmployeeDataAPITest" tests="1" failures="0" timestamp="04 Sep 2019 05:18:40 GMT" time="3.999" errors="0">
  <testcase name="createEmpData" time="3.999" classname="com.api.restAssured.apiTests.CreateEmployeeDataAPITest"/>
</testsuite> <!-- com.api.restAssured.apiTests.CreateEmployeeDataAPITest -->
