<?xml version="1.0" encoding="UTF-8"?>
<!-- Generated by org.testng.reporters.JUnitReportReporter -->
<testsuite skipped="0" hostname="YOGESH-PC" name="com.api.restAssured.apiTests.RestfulBookerHealthCheck" tests="1" failures="0" timestamp="08 Sep 2019 05:10:08 GMT" time="19.047" errors="0">
  <testcase name="healthCheck" time="19.047" classname="com.api.restAssured.apiTests.RestfulBookerHealthCheck"/>
</testsuite> <!-- com.api.restAssured.apiTests.RestfulBookerHealthCheck -->
